# JRE version: Java(TM) SE Runtime Environment (8.0_131-b11) (build 1.8.0_131-b11)
# Java VM: Java HotSpot(TM) 64-Bit Server VM (25.131-b11 mixed mode windows-amd64 compressed oops)
Heap:
 PSYoungGen      total 163328K, used 111774K [0x00000000d6000000, 0x00000000e2580000, 0x0000000100000000)
  eden space 129536K, 69% used [0x00000000d6000000,0x00000000db833438,0x00000000dde80000)
  from space 33792K, 63% used [0x00000000e0480000,0x00000000e1974518,0x00000000e2580000)
  to   space 36352K, 0% used [0x00000000dde80000,0x00000000dde80000,0x00000000e0200000)
 ParOldGen       total 123904K, used 80813K [0x0000000082000000, 0x0000000089900000, 0x00000000d6000000)
  object space 123904K, 65% used [0x0000000082000000,0x0000000086eeb6d8,0x0000000089900000)
 Metaspace       used 14838K, capacity 15112K, committed 15360K, reserved 1062912K
  class space    used 1880K, capacity 1940K, committed 2048K, reserved 1048576K
GC Heap History (10 events):
Event: 57.944 GC heap before
{Heap before GC invocations=3 (full 0):
 PSYoungGen      total 37888K, used 37872K [0x00000000d6000000, 0x00000000daa00000, 0x0000000100000000)
  eden space 32768K, 100% used [0x00000000d6000000,0x00000000d8000000,0x00000000d8000000)
  from space 5120K, 99% used [0x00000000d8500000,0x00000000d89fc2f8,0x00000000d8a00000)
  to   space 5120K, 0% used [0x00000000d8000000,0x00000000d8000000,0x00000000d8500000)
 ParOldGen       total 86016K, used 14886K [0x0000000082000000, 0x0000000087400000, 0x00000000d6000000)
  object space 86016K, 17% used [0x0000000082000000,0x0000000082e899d8,0x0000000087400000)
 Metaspace       used 13742K, capacity 14012K, committed 14208K, reserved 1060864K
  class space    used 1789K, capacity 1872K, committed 1920K, reserved 1048576K
Event: 57.983 GC heap after
Heap after GC invocations=3 (full 0):
 PSYoungGen      total 37888K, used 5102K [0x00000000d6000000, 0x00000000daa00000, 0x0000000100000000)
  eden space 32768K, 0% used [0x00000000d6000000,0x00000000d6000000,0x00000000d8000000)
  from space 5120K, 99% used [0x00000000d8000000,0x00000000d84fb890,0x00000000d8500000)
  to   space 5120K, 0% used [0x00000000da500000,0x00000000da500000,0x00000000daa00000)
 ParOldGen       total 86016K, used 38681K [0x0000000082000000, 0x0000000087400000, 0x00000000d6000000)
  object space 86016K, 44% used [0x0000000082000000,0x00000000845c6520,0x0000000087400000)
 Metaspace       used 13742K, capacity 14012K, committed 14208K, reserved 1060864K
  class space    used 1789K, capacity 1872K, committed 1920K, reserved 1048576K
}
Event: 58.005 GC heap before
{Heap before GC invocations=4 (full 0):
 PSYoungGen      total 37888K, used 37870K [0x00000000d6000000, 0x00000000daa00000, 0x0000000100000000)
  eden space 32768K, 100% used [0x00000000d6000000,0x00000000d8000000,0x00000000d8000000)
  from space 5120K, 99% used [0x00000000d8000000,0x00000000d84fb890,0x00000000d8500000)
  to   space 5120K, 0% used [0x00000000da500000,0x00000000da500000,0x00000000daa00000)
 ParOldGen       total 86016K, used 38681K [0x0000000082000000, 0x0000000087400000, 0x00000000d6000000)
  object space 86016K, 44% used [0x0000000082000000,0x00000000845c6520,0x0000000087400000)
 Metaspace       used 13742K, capacity 14012K, committed 14208K, reserved 1060864K
  class space    used 1789K, capacity 1872K, committed 1920K, reserved 1048576K
Event: 58.050 GC heap after
Heap after GC invocations=4 (full 0):
 PSYoungGen      total 70656K, used 5118K [0x00000000d6000000, 0x00000000daa00000, 0x0000000100000000)
  eden space 65536K, 0% used [0x00000000d6000000,0x00000000d6000000,0x00000000da000000)
  from space 5120K, 99% used [0x00000000da500000,0x00000000da9ff8a0,0x00000000daa00000)
  to   space 5120K, 0% used [0x00000000da000000,0x00000000da000000,0x00000000da500000)
 ParOldGen       total 86016K, used 62257K [0x0000000082000000, 0x0000000087400000, 0x00000000d6000000)
  object space 86016K, 72% used [0x0000000082000000,0x0000000085ccc520,0x0000000087400000)
 Metaspace       used 13742K, capacity 14012K, committed 14208K, reserved 1060864K
  class space    used 1789K, capacity 1872K, committed 1920K, reserved 1048576K
}
Event: 58.050 GC heap before
{Heap before GC invocations=5 (full 1):
 PSYoungGen      total 70656K, used 5118K [0x00000000d6000000, 0x00000000daa00000, 0x0000000100000000)
  eden space 65536K, 0% used [0x00000000d6000000,0x00000000d6000000,0x00000000da000000)
  from space 5120K, 99% used [0x00000000da500000,0x00000000da9ff8a0,0x00000000daa00000)
  to   space 5120K, 0% used [0x00000000da000000,0x00000000da000000,0x00000000da500000)
 ParOldGen       total 86016K, used 62257K [0x0000000082000000, 0x0000000087400000, 0x00000000d6000000)
  object space 86016K, 72% used [0x0000000082000000,0x0000000085ccc520,0x0000000087400000)
 Metaspace       used 13742K, capacity 14012K, committed 14208K, reserved 1060864K
  class space    used 1789K, capacity 1872K, committed 1920K, reserved 1048576K
Event: 58.368 GC heap after
Heap after GC invocations=5 (full 1):
 PSYoungGen      total 70656K, used 0K [0x00000000d6000000, 0x00000000daa00000, 0x0000000100000000)
  eden space 65536K, 0% used [0x00000000d6000000,0x00000000d6000000,0x00000000da000000)
  from space 5120K, 0% used [0x00000000da500000,0x00000000da500000,0x00000000daa00000)
  to   space 5120K, 0% used [0x00000000da000000,0x00000000da000000,0x00000000da500000)
 ParOldGen       total 123904K, used 58197K [0x0000000082000000, 0x0000000089900000, 0x00000000d6000000)
  object space 123904K, 46% used [0x0000000082000000,0x00000000858d56d8,0x0000000089900000)
 Metaspace       used 13742K, capacity 14012K, committed 14208K, reserved 1060864K
  class space    used 1789K, capacity 1872K, committed 1920K, reserved 1048576K
}
Event: 58.507 GC heap before
{Heap before GC invocations=6 (full 1):
 PSYoungGen      total 70656K, used 65536K [0x00000000d6000000, 0x00000000daa00000, 0x0000000100000000)
  eden space 65536K, 100% used [0x00000000d6000000,0x00000000da000000,0x00000000da000000)
  from space 5120K, 0% used [0x00000000da500000,0x00000000da500000,0x00000000daa00000)
  to   space 5120K, 0% used [0x00000000da000000,0x00000000da000000,0x00000000da500000)
 ParOldGen       total 123904K, used 58197K [0x0000000082000000, 0x0000000089900000, 0x00000000d6000000)
  object space 123904K, 46% used [0x0000000082000000,0x00000000858d56d8,0x0000000089900000)
 Metaspace       used 13750K, capacity 14012K, committed 14208K, reserved 1060864K
  class space    used 1790K, capacity 1872K, committed 1920K, reserved 1048576K
Event: 58.557 GC heap after
Heap after GC invocations=6 (full 1):
 PSYoungGen      total 70656K, used 5109K [0x00000000d6000000, 0x00000000e2a80000, 0x0000000100000000)
  eden space 65536K, 0% used [0x00000000d6000000,0x00000000d6000000,0x00000000da000000)
  from space 5120K, 99% used [0x00000000da000000,0x00000000da4fd7a0,0x00000000da500000)
  to   space 38912K, 0% used [0x00000000e0480000,0x00000000e0480000,0x00000000e2a80000)
 ParOldGen       total 123904K, used 80813K [0x0000000082000000, 0x0000000089900000, 0x00000000d6000000)
  object space 123904K, 65% used [0x0000000082000000,0x0000000086eeb6d8,0x0000000089900000)
 Metaspace       used 13750K, capacity 14012K, committed 14208K, reserved 1060864K
  class space    used 1790K, capacity 1872K, committed 1920K, reserved 1048576K
}
Event: 58.661 GC heap before
{Heap before GC invocations=7 (full 1):
 PSYoungGen      total 70656K, used 70645K [0x00000000d6000000, 0x00000000e2a80000, 0x0000000100000000)
  eden space 65536K, 100% used [0x00000000d6000000,0x00000000da000000,0x00000000da000000)
  from space 5120K, 99% used [0x00000000da000000,0x00000000da4fd7a0,0x00000000da500000)
  to   space 38912K, 0% used [0x00000000e0480000,0x00000000e0480000,0x00000000e2a80000)
 ParOldGen       total 123904K, used 80813K [0x0000000082000000, 0x0000000089900000, 0x00000000d6000000)
  object space 123904K, 65% used [0x0000000082000000,0x0000000086eeb6d8,0x0000000089900000)
 Metaspace       used 13751K, capacity 14012K, committed 14208K, reserved 1060864K
  class space    used 1790K, capacity 1872K, committed 1920K, reserved 1048576K
Event: 58.679 GC heap after
Heap after GC invocations=7 (full 1):
 PSYoungGen      total 163328K, used 21457K [0x00000000d6000000, 0x00000000e2580000, 0x0000000100000000)
  eden space 129536K, 0% used [0x00000000d6000000,0x00000000d6000000,0x00000000dde80000)
  from space 33792K, 63% used [0x00000000e0480000,0x00000000e1974518,0x00000000e2580000)
  to   space 36352K, 0% used [0x00000000dde80000,0x00000000dde80000,0x00000000e0200000)
 ParOldGen       total 123904K, used 80813K [0x0000000082000000, 0x0000000089900000, 0x00000000d6000000)
  object space 123904K, 65% used [0x0000000082000000,0x0000000086eeb6d8,0x0000000089900000)
 Metaspace       used 13751K, capacity 14012K, committed 14208K, reserved 1060864K
  class space    used 1790K, capacity 1872K, committed 1920K, reserved 1048576K
}

